build/app/outputs/mapping/release/mapping.txt
# compiler: R8
# compiler_version: 1.5.64
# min_api: 16
# pg_map_id: f6c5324
...
io.flutter.embedding.engine.loader.FlutterLoader -> io.flutter.embedding.engine.f.c:
    io.flutter.embedding.engine.loader.FlutterApplicationInfo flutterApplicationInfo -> d
    long initStartTimestampMillis -> c
    boolean initialized -> a
    io.flutter.embedding.engine.loader.FlutterLoader$Settings settings -> b
    java.util.concurrent.Future initResultFuture -> e
    io.flutter.embedding.engine.loader.ResourceExtractor access$000(io.flutter.embedding.engine.loader.FlutterLoader,android.content.Context) -> a
    void ensureInitializationComplete(android.content.Context,java.lang.String[]) -> a
    java.lang.String findAppBundlePath() -> a
    void startInitialization(android.content.Context) -> a
    void startInitialization(android.content.Context,io.flutter.embedding.engine.loader.FlutterLoader$Settings) -> a
    io.flutter.embedding.engine.loader.ResourceExtractor initResources(android.content.Context) -> b
io.flutter.embedding.engine.loader.FlutterLoader$1 -> io.flutter.embedding.engine.f.c$a:
    android.content.Context val$appContext -> a
    io.flutter.embedding.engine.loader.FlutterLoader this$0 -> b
io.flutter.embedding.engine.loader.FlutterLoader$1$1 -> io.flutter.embedding.engine.f.c$a$a:
io.flutter.embedding.engine.loader.FlutterLoader$InitResult -> io.flutter.embedding.engine.f.c$b:
    java.lang.String appStoragePath -> a
    java.lang.String engineCachesPath -> b
io.flutter.embedding.engine.loader.FlutterLoader$Settings -> io.flutter.embedding.engine.f.c$c:
    java.lang.String logTag -> a
    java.lang.String getLogTag() -> a
io.flutter.embedding.engine.loader.ResourceExtractor -> io.flutter.embedding.engine.f.d:
    void waitForCompletion() -> a
    java.lang.String[] getSupportedAbis() -> b
io.flutter.embedding.engine.mutatorsstack.FlutterMutatorView -> io.flutter.embedding.engine.mutatorsstack.a:
    int prevTop -> f
    float screenDensity -> b
    int top -> d
    io.flutter.embedding.engine.mutatorsstack.FlutterMutatorsStack mutatorsStack -> a
    int prevLeft -> e
    io.flutter.embedding.android.AndroidTouchProcessor androidTouchProcessor -> g
    int left -> c
    void readyToDisplay(io.flutter.embedding.engine.mutatorsstack.FlutterMutatorsStack,int,int,int,int) -> a
io.flutter.embedding.engine.mutatorsstack.FlutterMutatorsStack$FlutterMutator -> io.flutter.embedding.engine.mutatorsstack.FlutterMutatorsStack$a:
    android.graphics.Matrix matrix -> a
    android.graphics.Matrix getMatrix() -> a
io.flutter.embedding.engine.mutatorsstack.FlutterMutatorsStack$FlutterMutatorType -> io.flutter.embedding.engine.mutatorsstack.FlutterMutatorsStack$b:
    io.flutter.embedding.engine.mutatorsstack.FlutterMutatorsStack$FlutterMutatorType[] $VALUES -> f
    io.flutter.embedding.engine.mutatorsstack.FlutterMutatorsStack$FlutterMutatorType TRANSFORM -> d
    io.flutter.embedding.engine.mutatorsstack.FlutterMutatorsStack$FlutterMutatorType OPACITY -> e
    io.flutter.embedding.engine.mutatorsstack.FlutterMutatorsStack$FlutterMutatorType CLIP_RECT -> a
    io.flutter.embedding.engine.mutatorsstack.FlutterMutatorsStack$FlutterMutatorType CLIP_RRECT -> b
    io.flutter.embedding.engine.mutatorsstack.FlutterMutatorsStack$FlutterMutatorType CLIP_PATH -> c
io.flutter.embedding.engine.plugins.FlutterPlugin -> io.flutter.embedding.engine.g.a:
    void onDetachedFromEngine(io.flutter.embedding.engine.plugins.FlutterPlugin$FlutterPluginBinding) -> a
    void onAttachedToEngine(io.flutter.embedding.engine.plugins.FlutterPlugin$FlutterPluginBinding) -> b
io.flutter.embedding.engine.plugins.FlutterPlugin$FlutterAssets -> io.flutter.embedding.engine.g.a$a:
io.flutter.embedding.engine.plugins.FlutterPlugin$FlutterPluginBinding -> io.flutter.embedding.engine.g.a$b:
    android.content.Context applicationContext -> a
    io.flutter.plugin.common.BinaryMessenger binaryMessenger -> b
    android.content.Context getApplicationContext() -> a
    io.flutter.plugin.common.BinaryMessenger getBinaryMessenger() -> b